% mkdir src
% cd src
% git clone https://github.com/JNeitzel/v6shell.git
Cloning into 'v6shell'...
% cd v6shell
% git log -n 1
commit 38e29b34dd5d481dfba4d8cc94632bf9a5c642f9 (HEAD -> current, origin/current, origin/HEAD)
Author: Jeff Neitzel <jan@v6shell.org>
Date:   2016-12-17 18:15:34 +0000

    Fix external goto for sh6 on Ubuntu 16.xx
    
    This comes with a performance penalty by using read(2) instead
    of getchar(3), but the penalty is not very noticeable in the
    real world.
    
    NOTE: This does not fix the true cause of whatever the problem
          is with lseek(2) on Ubuntu 16.xx.
% export PREFIX=/tmp/sh6-bug-2879/install
% make
/bin/sh ./mkconfig
mkconfig: PATH_LOGIN == "/bin/login"
	  Modify value in "config.h" if this is incorrect.
mkconfig: PATH_NEWGRP == "/usr/bin/newgrp"
	  Modify value in "config.h" if this is incorrect.
make[1]: Entering directory '/tmp/sh6-bug-2879/src/v6shell'
cc -c -Os -std=c99 -pedantic -Wall -Wextra   -DOSH_VERSION='"osh-current"' -DLIBEXECDIROSH='"/tmp/sh6-bug-2879/install/libexec/osh-current/osh"' -DLIBEXECDIRSH6='"/tmp/sh6-bug-2879/install/libexec/osh-current/sh6"' -DSYSCONFDIR='"/tmp/sh6-bug-2879/install/etc"' v.c
cc -c -Os -std=c99 -pedantic -Wall -Wextra   -DOSH_VERSION='"osh-current"' -DLIBEXECDIROSH='"/tmp/sh6-bug-2879/install/libexec/osh-current/osh"' -DLIBEXECDIRSH6='"/tmp/sh6-bug-2879/install/libexec/osh-current/sh6"' -DSYSCONFDIR='"/tmp/sh6-bug-2879/install/etc"' osh.c
osh.c: In function ‘source_open’:
osh.c:2560:4: warning: ignoring return value of ‘writev’, declared with attribute warn_unused_result [-Wunused-result]
    (void)writev(FD2, msg, 6);
    ^~~~~~~~~~~~~~~~~~~~~~~~~
cc -c -Os -std=c99 -pedantic -Wall -Wextra   -DOSH_VERSION='"osh-current"' -DLIBEXECDIROSH='"/tmp/sh6-bug-2879/install/libexec/osh-current/osh"' -DLIBEXECDIRSH6='"/tmp/sh6-bug-2879/install/libexec/osh-current/sh6"' -DSYSCONFDIR='"/tmp/sh6-bug-2879/install/etc"' err.c
err.c: In function ‘wmsg’:
err.c:254:5: warning: ignoring return value of ‘writev’, declared with attribute warn_unused_result [-Wunused-result]
     (void)writev(FD2, ev, 4);
     ^~~~~~~~~~~~~~~~~~~~~~~~
cc -c -Os -std=c99 -pedantic -Wall -Wextra   -DOSH_VERSION='"osh-current"' -DLIBEXECDIROSH='"/tmp/sh6-bug-2879/install/libexec/osh-current/osh"' -DLIBEXECDIRSH6='"/tmp/sh6-bug-2879/install/libexec/osh-current/sh6"' -DSYSCONFDIR='"/tmp/sh6-bug-2879/install/etc"' lib.c
cc -c -Os -std=c99 -pedantic -Wall -Wextra   -DOSH_VERSION='"osh-current"' -DLIBEXECDIROSH='"/tmp/sh6-bug-2879/install/libexec/osh-current/osh"' -DLIBEXECDIRSH6='"/tmp/sh6-bug-2879/install/libexec/osh-current/sh6"' -DSYSCONFDIR='"/tmp/sh6-bug-2879/install/etc"' util.c
cc -c -Os -std=c99 -pedantic -Wall -Wextra   -DOSH_VERSION='"osh-current"' -DLIBEXECDIROSH='"/tmp/sh6-bug-2879/install/libexec/osh-current/osh"' -DLIBEXECDIRSH6='"/tmp/sh6-bug-2879/install/libexec/osh-current/sh6"' -DSYSCONFDIR='"/tmp/sh6-bug-2879/install/etc"' pexec.c
pexec.c: In function ‘pexec’:
pexec.c:143:4: warning: ignoring return value of ‘writev’, declared with attribute warn_unused_result [-Wunused-result]
    (void)writev(FD2, msg, 3);
    ^~~~~~~~~~~~~~~~~~~~~~~~~
cc -c -Os -std=c99 -pedantic -Wall -Wextra   -DOSH_VERSION='"osh-current"' -DLIBEXECDIROSH='"/tmp/sh6-bug-2879/install/libexec/osh-current/osh"' -DLIBEXECDIRSH6='"/tmp/sh6-bug-2879/install/libexec/osh-current/sh6"' -DSYSCONFDIR='"/tmp/sh6-bug-2879/install/etc"' sasignal.c
cc -c -Os -std=c99 -pedantic -Wall -Wextra   -DOSH_VERSION='"osh-current"' -DLIBEXECDIROSH='"/tmp/sh6-bug-2879/install/libexec/osh-current/osh"' -DLIBEXECDIRSH6='"/tmp/sh6-bug-2879/install/libexec/osh-current/sh6"' -DSYSCONFDIR='"/tmp/sh6-bug-2879/install/etc"' strtoint.c
cc  -o osh v.o osh.o err.o lib.o util.o pexec.o sasignal.o strtoint.o 
make[1]: Leaving directory '/tmp/sh6-bug-2879/src/v6shell'
sed -e 's|@OSH_DATE@|December 15, 2016|' -e 's|@OSH_VERSION@|osh-current|' -e 's|@LIBEXECDIROSH@|/tmp/sh6-bug-2879/install/libexec/osh-current/osh|' -e 's|@LIBEXECDIRSH6@|/tmp/sh6-bug-2879/install/libexec/osh-current/sh6|' -e 's|@SYSCONFDIR@|/tmp/sh6-bug-2879/install/etc|' <osh.1 >osh.1.out
sed -e 's|@OSH_DATE@|December 15, 2016|' -e 's|@OSH_VERSION@|osh-current|' -e 's|@LIBEXECDIROSH@|/tmp/sh6-bug-2879/install/libexec/osh-current/osh|' -e 's|@LIBEXECDIRSH6@|/tmp/sh6-bug-2879/install/libexec/osh-current/sh6|' -e 's|@SYSCONFDIR@|/tmp/sh6-bug-2879/install/etc|' <fd2.1 >fd2.1.out
sed -e 's|@OSH_DATE@|December 15, 2016|' -e 's|@OSH_VERSION@|osh-current|' -e 's|@LIBEXECDIROSH@|/tmp/sh6-bug-2879/install/libexec/osh-current/osh|' -e 's|@LIBEXECDIRSH6@|/tmp/sh6-bug-2879/install/libexec/osh-current/sh6|' -e 's|@SYSCONFDIR@|/tmp/sh6-bug-2879/install/etc|' <goto.1 >goto.1.out
sed -e 's|@OSH_DATE@|December 15, 2016|' -e 's|@OSH_VERSION@|osh-current|' -e 's|@LIBEXECDIROSH@|/tmp/sh6-bug-2879/install/libexec/osh-current/osh|' -e 's|@LIBEXECDIRSH6@|/tmp/sh6-bug-2879/install/libexec/osh-current/sh6|' -e 's|@SYSCONFDIR@|/tmp/sh6-bug-2879/install/etc|' <if.1 >if.1.out
make[1]: Entering directory '/tmp/sh6-bug-2879/src/v6shell'
cc -c -Os -std=c99 -pedantic -Wall -Wextra   -DOSH_VERSION='"osh-current"' -DLIBEXECDIROSH='"/tmp/sh6-bug-2879/install/libexec/osh-current/osh"' -DLIBEXECDIRSH6='"/tmp/sh6-bug-2879/install/libexec/osh-current/sh6"' -DSYSCONFDIR='"/tmp/sh6-bug-2879/install/etc"' sh6.c
cc  -o sh6 v.o sh6.o err.o pexec.o sasignal.o 
make[1]: Leaving directory '/tmp/sh6-bug-2879/src/v6shell'
make[1]: Entering directory '/tmp/sh6-bug-2879/src/v6shell'
cc -c -Os -std=c99 -pedantic -Wall -Wextra   -DOSH_VERSION='"osh-current"' -DLIBEXECDIROSH='"/tmp/sh6-bug-2879/install/libexec/osh-current/osh"' -DLIBEXECDIRSH6='"/tmp/sh6-bug-2879/install/libexec/osh-current/sh6"' -DSYSCONFDIR='"/tmp/sh6-bug-2879/install/etc"' glob.c
cc  -o glob v.o glob.o err.o pexec.o 
make[1]: Leaving directory '/tmp/sh6-bug-2879/src/v6shell'
sed -e 's|@OSH_DATE@|December 15, 2016|' -e 's|@OSH_VERSION@|osh-current|' -e 's|@LIBEXECDIROSH@|/tmp/sh6-bug-2879/install/libexec/osh-current/osh|' -e 's|@LIBEXECDIRSH6@|/tmp/sh6-bug-2879/install/libexec/osh-current/sh6|' -e 's|@SYSCONFDIR@|/tmp/sh6-bug-2879/install/etc|' <sh6.1 >sh6.1.out
sed -e 's|@OSH_DATE@|December 15, 2016|' -e 's|@OSH_VERSION@|osh-current|' -e 's|@LIBEXECDIROSH@|/tmp/sh6-bug-2879/install/libexec/osh-current/osh|' -e 's|@LIBEXECDIRSH6@|/tmp/sh6-bug-2879/install/libexec/osh-current/sh6|' -e 's|@SYSCONFDIR@|/tmp/sh6-bug-2879/install/etc|' <glob.1 >glob.1.out
make[1]: Entering directory '/tmp/sh6-bug-2879/src/v6shell'
cc -c -Os -std=c99 -pedantic -Wall -Wextra   -DOSH_VERSION='"osh-current"' -DLIBEXECDIROSH='"/tmp/sh6-bug-2879/install/libexec/osh-current/osh"' -DLIBEXECDIRSH6='"/tmp/sh6-bug-2879/install/libexec/osh-current/sh6"' -DSYSCONFDIR='"/tmp/sh6-bug-2879/install/etc"' fd2.c
cc  -o fd2 v.o fd2.o err.o pexec.o 
make[1]: Leaving directory '/tmp/sh6-bug-2879/src/v6shell'
make[1]: Entering directory '/tmp/sh6-bug-2879/src/v6shell'
cc -c -Os -std=c99 -pedantic -Wall -Wextra   -DOSH_VERSION='"osh-current"' -DLIBEXECDIROSH='"/tmp/sh6-bug-2879/install/libexec/osh-current/osh"' -DLIBEXECDIRSH6='"/tmp/sh6-bug-2879/install/libexec/osh-current/sh6"' -DSYSCONFDIR='"/tmp/sh6-bug-2879/install/etc"' goto.c
cc  -o goto v.o goto.o err.o 
make[1]: Leaving directory '/tmp/sh6-bug-2879/src/v6shell'
make[1]: Entering directory '/tmp/sh6-bug-2879/src/v6shell'
cc -c -Os -std=c99 -pedantic -Wall -Wextra   -DOSH_VERSION='"osh-current"' -DLIBEXECDIROSH='"/tmp/sh6-bug-2879/install/libexec/osh-current/osh"' -DLIBEXECDIRSH6='"/tmp/sh6-bug-2879/install/libexec/osh-current/sh6"' -DSYSCONFDIR='"/tmp/sh6-bug-2879/install/etc"' if.c
cc  -o if v.o if.o err.o pexec.o sasignal.o strtoint.o 
make[1]: Leaving directory '/tmp/sh6-bug-2879/src/v6shell'
% make install
test -d /tmp/sh6-bug-2879/install/bin || { umask 0022 && mkdir -p /tmp/sh6-bug-2879/install/bin ; }
test -d /tmp/sh6-bug-2879/install/man/man1 || { umask 0022 && mkdir -p /tmp/sh6-bug-2879/install/man/man1 ; }
/usr/bin/install -c -s  -m 0555 osh        /tmp/sh6-bug-2879/install/bin
/usr/bin/install -c     -m 0444 osh.1.out  /tmp/sh6-bug-2879/install/man/man1/osh.1
/usr/bin/install -c     -m 0444 fd2.1.out  /tmp/sh6-bug-2879/install/man/man1/fd2.1
/usr/bin/install -c     -m 0444 goto.1.out /tmp/sh6-bug-2879/install/man/man1/goto.1
/usr/bin/install -c     -m 0444 if.1.out   /tmp/sh6-bug-2879/install/man/man1/if.1
test -d /tmp/sh6-bug-2879/install/libexec/osh-current || { umask 0022 && mkdir -p /tmp/sh6-bug-2879/install/libexec/osh-current ; }
/usr/bin/install -c  -m 0444 README.libexec /tmp/sh6-bug-2879/install/libexec/osh-current/README
test -d /tmp/sh6-bug-2879/install/libexec/osh-current/osh || { umask 0022 && mkdir -p /tmp/sh6-bug-2879/install/libexec/osh-current/osh ; }
/usr/bin/install -c  -m 0444 libexec.osh/README /tmp/sh6-bug-2879/install/libexec/osh-current/osh
/usr/bin/install -c  -m 0555 libexec.osh/history /tmp/sh6-bug-2879/install/libexec/osh-current/osh
/usr/bin/install -c  -m 0444 libexec.osh/history.help /tmp/sh6-bug-2879/install/libexec/osh-current/osh
test -d /tmp/sh6-bug-2879/install/libexec/osh-current/sh6 || { umask 0022 && mkdir -p /tmp/sh6-bug-2879/install/libexec/osh-current/sh6 ; }
/usr/bin/install -c  -m 0444 README.libexec.sh6 /tmp/sh6-bug-2879/install/libexec/osh-current/sh6/README
/usr/bin/install -c -s  -m 0555 sh6        /tmp/sh6-bug-2879/install/bin
/usr/bin/install -c     -m 0444 sh6.1.out  /tmp/sh6-bug-2879/install/man/man1/sh6.1
/usr/bin/install -c -s  -m 0555 glob       /tmp/sh6-bug-2879/install/libexec/osh-current/sh6
/usr/bin/install -c     -m 0444 glob.1.out /tmp/sh6-bug-2879/install/man/man1/glob.1
/usr/bin/install -c -s  -m 0555 fd2        /tmp/sh6-bug-2879/install/libexec/osh-current/sh6
/usr/bin/install -c -s  -m 0555 goto       /tmp/sh6-bug-2879/install/libexec/osh-current/sh6
/usr/bin/install -c -s  -m 0555 if         /tmp/sh6-bug-2879/install/libexec/osh-current/sh6
% mkdir /tmp/sh6-bug-2879/test
% cd /tmp/sh6-bug-2879/test
% cat test.sh6
#!/tmp/sh6-bug-2879/install/bin/sh6

echo one
strace -o goto.strace /tmp/sh6-bug-2879/install/libexec/osh-current/sh6/goto LABEL
echo two
: LABEL
echo three
% ./test.sh6
one
wo: not found
% cat goto.strace
execve("/tmp/sh6-bug-2879/install/libexec/osh-current/sh6/goto", ["/tmp/sh6-bug-2879/install/libexe"..., "LABEL"], [/* 55 vars */]) = 0
brk(NULL)                               = 0x559b4d7d8000
access("/etc/ld.so.nohwcap", F_OK)      = -1 ENOENT (No such file or directory)
mmap(NULL, 12288, PROT_READ|PROT_WRITE, MAP_PRIVATE|MAP_ANONYMOUS, -1, 0) = 0x7fbb553fa000
access("/etc/ld.so.preload", R_OK)      = -1 ENOENT (No such file or directory)
open("/etc/ld.so.cache", O_RDONLY|O_CLOEXEC) = 3
fstat(3, {st_mode=S_IFREG|0644, st_size=147325, ...}) = 0
mmap(NULL, 147325, PROT_READ, MAP_PRIVATE, 3, 0) = 0x7fbb553d6000
close(3)                                = 0
access("/etc/ld.so.nohwcap", F_OK)      = -1 ENOENT (No such file or directory)
open("/lib/x86_64-linux-gnu/libc.so.6", O_RDONLY|O_CLOEXEC) = 3
read(3, "\177ELF\2\1\1\3\0\0\0\0\0\0\0\0\3\0>\0\1\0\0\0\20\5\2\0\0\0\0\0"..., 832) = 832
fstat(3, {st_mode=S_IFREG|0755, st_size=1856752, ...}) = 0
mmap(NULL, 3959200, PROT_READ|PROT_EXEC, MAP_PRIVATE|MAP_DENYWRITE, 3, 0) = 0x7fbb54e12000
mprotect(0x7fbb54fcf000, 2097152, PROT_NONE) = 0
mmap(0x7fbb551cf000, 24576, PROT_READ|PROT_WRITE, MAP_PRIVATE|MAP_FIXED|MAP_DENYWRITE, 3, 0x1bd000) = 0x7fbb551cf000
mmap(0x7fbb551d5000, 14752, PROT_READ|PROT_WRITE, MAP_PRIVATE|MAP_FIXED|MAP_ANONYMOUS, -1, 0) = 0x7fbb551d5000
close(3)                                = 0
mmap(NULL, 8192, PROT_READ|PROT_WRITE, MAP_PRIVATE|MAP_ANONYMOUS, -1, 0) = 0x7fbb553d4000
arch_prctl(ARCH_SET_FS, 0x7fbb553d4700) = 0
mprotect(0x7fbb551cf000, 16384, PROT_READ) = 0
mprotect(0x559b4c55d000, 4096, PROT_READ) = 0
mprotect(0x7fbb553fd000, 4096, PROT_READ) = 0
munmap(0x7fbb553d6000, 147325)          = 0
getpid()                                = 3035
ioctl(0, TCGETS, 0x7ffc16f9c250)        = -1 ENOTTY (Inappropriate ioctl for device)
lseek(0, 0, SEEK_SET)                   = 0
fstat(0, {st_mode=S_IFREG|0755, st_size=157, ...}) = 0
brk(NULL)                               = 0x559b4d7d8000
brk(0x559b4d7fa000)                     = 0x559b4d7fa000
read(0, "#!/tmp/sh6-bug-2879/install/bin/"..., 4096) = 157
lseek(0, 146, SEEK_SET)                 = 146
lseek(0, -11, SEEK_CUR)                 = 135
exit_group(0)                           = ?
+++ exited with 0 +++
% rm -rf /tmp/sh6-bug-2879
